<?xml version="1.0" encoding="UTF-8"?>
<!-- Generated by org.testng.reporters.JUnitXMLReporter -->
<testsuite ignored="0" hostname="GiriLaptop" failures="0" tests="12" name="Default test" time="23.782" errors="0" timestamp="2023-08-03T12:34:15 IST">
  <testcase classname="api.Testcases.TestUsersDD2" name="Postusers" time="3.678"/>
  <testcase classname="api.Testcases.TestUsersDD2" name="Postusers" time="1.245"/>
  <testcase classname="api.Testcases.TestUsersDD2" name="Postusers" time="1.334"/>
  <testcase classname="api.Testcases.TestUsersDD2" name="Getusers" time="1.243"/>
  <testcase classname="api.Testcases.TestUsersDD2" name="Getusers" time="1.225"/>
  <testcase classname="api.Testcases.TestUsersDD2" name="Getusers" time="1.234"/>
  <testcase classname="api.Testcases.TestUsersDD2" name="Putusers" time="2.38"/>
  <testcase classname="api.Testcases.TestUsersDD2" name="Putusers" time="2.405"/>
  <testcase classname="api.Testcases.TestUsersDD2" name="Putusers" time="2.417"/>
  <testcase classname="api.Testcases.TestUsersDD2" name="Deleteusers" time="1.18"/>
  <testcase classname="api.Testcases.TestUsersDD2" name="Deleteusers" time="1.259"/>
  <testcase classname="api.Testcases.TestUsersDD2" name="Deleteusers" time="1.26"/>
</testsuite> <!-- Default test -->
