<?xml version="1.0" encoding="UTF-8"?>
<!-- Generated by org.testng.reporters.JUnitXMLReporter -->
<testsuite ignored="0" hostname="GiriLaptop" failures="3" tests="12" name="Test" time="21.758" errors="0" timestamp="2023-08-03T11:36:05 IST">
  <testcase classname="api.Testcases.TestUsersDD" name="Postusers" time="3.447"/>
  <testcase classname="api.Testcases.TestUsersDD" name="Postusers" time="1.243"/>
  <testcase classname="api.Testcases.TestUsersDD" name="Postusers" time="1.165"/>
  <testcase classname="api.Testcases.TestUsersDD" name="Getusers" time="1.202"/>
  <testcase classname="api.Testcases.TestUsersDD" name="Getusers" time="1.215"/>
  <testcase classname="api.Testcases.TestUsersDD" name="Getusers" time="1.129"/>
  <testcase classname="api.Testcases.TestUsersDD" name="Putusers" time="2.356"/>
  <testcase classname="api.Testcases.TestUsersDD" name="Putusers" time="2.318"/>
  <testcase classname="api.Testcases.TestUsersDD" name="Putusers" time="2.329"/>
  <testcase classname="api.Testcases.TestUsersDD" name="Deleteusers" time="1.206">
    <failure type="java.lang.AssertionError" message="expected [200] but found [404]">
      <![CDATA[java.lang.AssertionError: expected [200] but found [404]
at api.Testcases.TestUsersDD.Deleteusers(TestUsersDD.java:66)
at java.base/java.util.ArrayList.forEach(ArrayList.java:1511)
... Removed 32 stack frames]]>
    </failure>
  </testcase> <!-- Deleteusers -->
  <testcase classname="api.Testcases.TestUsersDD" name="Deleteusers" time="1.165">
    <failure type="java.lang.AssertionError" message="expected [200] but found [404]">
      <![CDATA[java.lang.AssertionError: expected [200] but found [404]
at api.Testcases.TestUsersDD.Deleteusers(TestUsersDD.java:66)
at java.base/java.util.ArrayList.forEach(ArrayList.java:1511)
... Removed 32 stack frames]]>
    </failure>
  </testcase> <!-- Deleteusers -->
  <testcase classname="api.Testcases.TestUsersDD" name="Deleteusers" time="1.175">
    <failure type="java.lang.AssertionError" message="expected [200] but found [404]">
      <![CDATA[java.lang.AssertionError: expected [200] but found [404]
at api.Testcases.TestUsersDD.Deleteusers(TestUsersDD.java:66)
at java.base/java.util.ArrayList.forEach(ArrayList.java:1511)
... Removed 32 stack frames]]>
    </failure>
  </testcase> <!-- Deleteusers -->
</testsuite> <!-- Test -->
