<?xml version="1.0" encoding="UTF-8"?>
<!-- Generated by org.testng.reporters.JUnitXMLReporter -->
<testsuite ignored="0" hostname="GiriLaptop" failures="0" tests="12" name="Test" time="23.778" errors="0" timestamp="2023-08-03T12:46:48 IST">
  <testcase classname="api.Testcases.TestUsersDD" name="Postusers" time="4.6"/>
  <testcase classname="api.Testcases.TestUsersDD" name="Postusers" time="1.257"/>
  <testcase classname="api.Testcases.TestUsersDD" name="Postusers" time="1.161"/>
  <testcase classname="api.Testcases.TestUsersDD" name="Getusers" time="1.265"/>
  <testcase classname="api.Testcases.TestUsersDD" name="Getusers" time="1.198"/>
  <testcase classname="api.Testcases.TestUsersDD" name="Getusers" time="1.205"/>
  <testcase classname="api.Testcases.TestUsersDD" name="Putusers" time="2.394"/>
  <testcase classname="api.Testcases.TestUsersDD" name="Putusers" time="2.426"/>
  <testcase classname="api.Testcases.TestUsersDD" name="Putusers" time="2.348"/>
  <testcase classname="api.Testcases.TestUsersDD" name="Deleteusers" time="1.183"/>
  <testcase classname="api.Testcases.TestUsersDD" name="Deleteusers" time="1.197"/>
  <testcase classname="api.Testcases.TestUsersDD" name="Deleteusers" time="1.158"/>
</testsuite> <!-- Test -->
