<?xml version="1.0" encoding="UTF-8"?>
<testng-results ignored="0" total="12" passed="12" failed="0" skipped="0">
  <reporter-output>
  </reporter-output>
  <suite started-at="2023-08-03T12:46:24 IST" name="Suite" finished-at="2023-08-03T12:46:48 IST" duration-ms="23778">
    <groups>
    </groups>
    <test started-at="2023-08-03T12:46:24 IST" name="Test" finished-at="2023-08-03T12:46:48 IST" duration-ms="23778">
      <class name="api.Testcases.TestUsersDD">
        <test-method signature="Postusers([Ljava.lang.String;)[pri:1, instance:api.Testcases.TestUsersDD@47d90b9e]" started-at="2023-08-03T12:46:26 IST" name="Postusers" data-provider="data" finished-at="2023-08-03T12:46:30 IST" duration-ms="4600" status="PASS">
          <params>
            <param index="0">
              <value>
                <![CDATA[[Ljava.lang.String;@1b3bec6c]]>
              </value>
            </param>
          </params>
          <reporter-output>
          </reporter-output>
        </test-method> <!-- Postusers -->
        <test-method signature="Postusers([Ljava.lang.String;)[pri:1, instance:api.Testcases.TestUsersDD@47d90b9e]" started-at="2023-08-03T12:46:30 IST" name="Postusers" data-provider="data" finished-at="2023-08-03T12:46:32 IST" duration-ms="1257" status="PASS">
          <params>
            <param index="0">
              <value>
                <![CDATA[[Ljava.lang.String;@53f7a906]]>
              </value>
            </param>
          </params>
          <reporter-output>
          </reporter-output>
        </test-method> <!-- Postusers -->
        <test-method signature="Postusers([Ljava.lang.String;)[pri:1, instance:api.Testcases.TestUsersDD@47d90b9e]" started-at="2023-08-03T12:46:32 IST" name="Postusers" data-provider="data" finished-at="2023-08-03T12:46:33 IST" duration-ms="1161" status="PASS">
          <params>
            <param index="0">
              <value>
                <![CDATA[[Ljava.lang.String;@749baa0c]]>
              </value>
            </param>
          </params>
          <reporter-output>
          </reporter-output>
        </test-method> <!-- Postusers -->
        <test-method signature="Getusers(java.lang.String)[pri:2, instance:api.Testcases.TestUsersDD@47d90b9e]" started-at="2023-08-03T12:46:33 IST" name="Getusers" data-provider="username" finished-at="2023-08-03T12:46:34 IST" duration-ms="1265" status="PASS">
          <params>
            <param index="0">
              <value>
                <![CDATA[Triotend1]]>
              </value>
            </param>
          </params>
          <reporter-output>
          </reporter-output>
        </test-method> <!-- Getusers -->
        <test-method signature="Getusers(java.lang.String)[pri:2, instance:api.Testcases.TestUsersDD@47d90b9e]" started-at="2023-08-03T12:46:34 IST" name="Getusers" data-provider="username" finished-at="2023-08-03T12:46:35 IST" duration-ms="1198" status="PASS">
          <params>
            <param index="0">
              <value>
                <![CDATA[Triotend2]]>
              </value>
            </param>
          </params>
          <reporter-output>
          </reporter-output>
        </test-method> <!-- Getusers -->
        <test-method signature="Getusers(java.lang.String)[pri:2, instance:api.Testcases.TestUsersDD@47d90b9e]" started-at="2023-08-03T12:46:35 IST" name="Getusers" data-provider="username" finished-at="2023-08-03T12:46:37 IST" duration-ms="1205" status="PASS">
          <params>
            <param index="0">
              <value>
                <![CDATA[Triotend3]]>
              </value>
            </param>
          </params>
          <reporter-output>
          </reporter-output>
        </test-method> <!-- Getusers -->
        <test-method signature="Putusers(java.lang.String)[pri:3, instance:api.Testcases.TestUsersDD@47d90b9e]" started-at="2023-08-03T12:46:37 IST" name="Putusers" data-provider="username" finished-at="2023-08-03T12:46:39 IST" duration-ms="2394" status="PASS">
          <params>
            <param index="0">
              <value>
                <![CDATA[Triotend1]]>
              </value>
            </param>
          </params>
          <reporter-output>
          </reporter-output>
        </test-method> <!-- Putusers -->
        <test-method signature="Putusers(java.lang.String)[pri:3, instance:api.Testcases.TestUsersDD@47d90b9e]" started-at="2023-08-03T12:46:39 IST" name="Putusers" data-provider="username" finished-at="2023-08-03T12:46:42 IST" duration-ms="2426" status="PASS">
          <params>
            <param index="0">
              <value>
                <![CDATA[Triotend2]]>
              </value>
            </param>
          </params>
          <reporter-output>
          </reporter-output>
        </test-method> <!-- Putusers -->
        <test-method signature="Putusers(java.lang.String)[pri:3, instance:api.Testcases.TestUsersDD@47d90b9e]" started-at="2023-08-03T12:46:42 IST" name="Putusers" data-provider="username" finished-at="2023-08-03T12:46:44 IST" duration-ms="2348" status="PASS">
          <params>
            <param index="0">
              <value>
                <![CDATA[Triotend3]]>
              </value>
            </param>
          </params>
          <reporter-output>
          </reporter-output>
        </test-method> <!-- Putusers -->
        <test-method signature="Deleteusers(java.lang.String)[pri:4, instance:api.Testcases.TestUsersDD@47d90b9e]" started-at="2023-08-03T12:46:44 IST" name="Deleteusers" data-provider="username" finished-at="2023-08-03T12:46:45 IST" duration-ms="1183" status="PASS">
          <params>
            <param index="0">
              <value>
                <![CDATA[Triotend1]]>
              </value>
            </param>
          </params>
          <reporter-output>
          </reporter-output>
        </test-method> <!-- Deleteusers -->
        <test-method signature="Deleteusers(java.lang.String)[pri:4, instance:api.Testcases.TestUsersDD@47d90b9e]" started-at="2023-08-03T12:46:45 IST" name="Deleteusers" data-provider="username" finished-at="2023-08-03T12:46:47 IST" duration-ms="1197" status="PASS">
          <params>
            <param index="0">
              <value>
                <![CDATA[Triotend2]]>
              </value>
            </param>
          </params>
          <reporter-output>
          </reporter-output>
        </test-method> <!-- Deleteusers -->
        <test-method signature="Deleteusers(java.lang.String)[pri:4, instance:api.Testcases.TestUsersDD@47d90b9e]" started-at="2023-08-03T12:46:47 IST" name="Deleteusers" data-provider="username" finished-at="2023-08-03T12:46:48 IST" duration-ms="1158" status="PASS">
          <params>
            <param index="0">
              <value>
                <![CDATA[Triotend3]]>
              </value>
            </param>
          </params>
          <reporter-output>
          </reporter-output>
        </test-method> <!-- Deleteusers -->
      </class> <!-- api.Testcases.TestUsersDD -->
    </test> <!-- Test -->
  </suite> <!-- Suite -->
</testng-results>
